<?xml version="1.0" encoding="UTF-8"?>
<!-- Generated by org.testng.reporters.JUnitXMLReporter -->
<testsuite hostname="MacBook-Pro-dnair.local" name="stateTesting" tests="11" failures="7" timestamp="4 May 2016 03:20:58 GMT" time="0.048" errors="0">
  <testcase name="India" time="0.01" classname="com.reporting.testcountries.Country"/>
  <testcase name="Pakistan" time="0.003" classname="com.reporting.testcountries.Country">
    <failure type="java.lang.AssertionError" message="Pakistan test Failed expected [true] but found [false]">
      <![CDATA[java.lang.AssertionError: Pakistan test Failed expected [true] but found [false]
	at com.reporting.testcountries.Country.Pakistan(Country.java:17)
... Removed 27 stack frames]]>
    </failure>
  </testcase> <!-- Pakistan -->
  <testcase name="kuwait" time="0.0" classname="com.reporting.testcountries.Country">
    <failure type="java.lang.AssertionError" message="Kuwait test Failed expected [true] but found [false]">
      <![CDATA[java.lang.AssertionError: Kuwait test Failed expected [true] but found [false]
	at com.reporting.testcountries.Country.kuwait(Country.java:27)
... Removed 27 stack frames]]>
    </failure>
  </testcase> <!-- kuwait -->
  <testcase name="usa" time="0.001" classname="com.reporting.testcountries.Country"/>
  <testcase name="Delhi" time="0.0" classname="com.reporting.teststates.States"/>
  <testcase name="delhi" time="0.001" classname="com.reporting.teststates.States">
    <failure type="java.lang.AssertionError" message="Goa test failed expected [true] but found [false]">
      <![CDATA[java.lang.AssertionError: Goa test failed expected [true] but found [false]
	at com.reporting.teststates.States.delhi(States.java:30)
... Removed 27 stack frames]]>
    </failure>
  </testcase> <!-- delhi -->
  <testcase name="goa" time="0.001" classname="com.reporting.teststates.States">
    <failure type="java.lang.AssertionError" message="Goa test failed expected [true] but found [false]">
      <![CDATA[java.lang.AssertionError: Goa test failed expected [true] but found [false]
	at com.reporting.teststates.States.goa(States.java:25)
... Removed 27 stack frames]]>
    </failure>
  </testcase> <!-- goa -->
  <testcase name="kerala" time="0.001" classname="com.reporting.teststates.States"/>
  <testcase name="panjab" time="0.001" classname="com.reporting.teststates.States">
    <failure type="java.lang.AssertionError" message="Goa test failed expected [true] but found [false]">
      <![CDATA[java.lang.AssertionError: Goa test failed expected [true] but found [false]
	at com.reporting.teststates.States.panjab(States.java:35)
... Removed 27 stack frames]]>
    </failure>
  </testcase> <!-- panjab -->
  <testcase name="tamilNadu" time="0.001" classname="com.reporting.teststates.States">
    <failure type="java.lang.AssertionError" message="Tamilnadu test failed expected [true] but found [false]">
      <![CDATA[java.lang.AssertionError: Tamilnadu test failed expected [true] but found [false]
	at com.reporting.teststates.States.tamilNadu(States.java:15)
... Removed 27 stack frames]]>
    </failure>
  </testcase> <!-- tamilNadu -->
  <testcase name="up" time="0.001" classname="com.reporting.teststates.States">
    <failure type="java.lang.AssertionError" message="Goa test failed expected [true] but found [false]">
      <![CDATA[java.lang.AssertionError: Goa test failed expected [true] but found [false]
	at com.reporting.teststates.States.up(States.java:40)
... Removed 27 stack frames]]>
    </failure>
  </testcase> <!-- up -->
</testsuite> <!-- stateTesting -->
