<?xml version="1.0" encoding="UTF-8"?>
<!-- Generated by org.testng.reporters.JUnitXMLReporter -->
<testsuite hostname="MacBook-Pro-dnair.local" name="RegressionTest" tests="17" failures="17" timestamp="10 May 2016 02:43:36 GMT" time="0.071" errors="0">
  <testcase name="India" time="0.012" classname="com.reporting.test.Country">
    <failure type="java.lang.AssertionError" message="India test Failed expected [true] but found [false]">
      <![CDATA[java.lang.AssertionError: India test Failed expected [true] but found [false]
	at com.reporting.test.Country.India(Country.java:15)
... Removed 27 stack frames]]>
    </failure>
  </testcase> <!-- India -->
  <testcase name="Pak" time="0.001" classname="com.reporting.test.Country">
    <failure type="java.lang.AssertionError" message="Pakistan test Failed expected [true] but found [false]">
      <![CDATA[java.lang.AssertionError: Pakistan test Failed expected [true] but found [false]
	at com.reporting.test.Country.Pak(Country.java:21)
... Removed 27 stack frames]]>
    </failure>
  </testcase> <!-- Pak -->
  <testcase name="kuwait" time="0.002" classname="com.reporting.test.Country">
    <failure type="java.lang.AssertionError" message="Kuwait test Failed expected [true] but found [false]">
      <![CDATA[java.lang.AssertionError: Kuwait test Failed expected [true] but found [false]
	at com.reporting.test.Country.kuwait(Country.java:32)
... Removed 27 stack frames]]>
    </failure>
  </testcase> <!-- kuwait -->
  <testcase name="usa" time="0.001" classname="com.reporting.test.Country">
    <failure type="java.lang.AssertionError" message="US test Failed expected [true] but found [false]">
      <![CDATA[java.lang.AssertionError: US test Failed expected [true] but found [false]
	at com.reporting.test.Country.usa(Country.java:27)
... Removed 27 stack frames]]>
    </failure>
  </testcase> <!-- usa -->
  <testcase name="Delhi" time="0.001" classname="com.reporting.test.States">
    <failure type="java.lang.AssertionError" message="Delhi test failed expected [true] but found [false]">
      <![CDATA[java.lang.AssertionError: Delhi test failed expected [true] but found [false]
	at com.reporting.test.States.Delhi(States.java:20)
... Removed 27 stack frames]]>
    </failure>
  </testcase> <!-- Delhi -->
  <testcase name="delhi" time="0.001" classname="com.reporting.test.States">
    <failure type="java.lang.AssertionError" message="Goa test failed expected [true] but found [false]">
      <![CDATA[java.lang.AssertionError: Goa test failed expected [true] but found [false]
	at com.reporting.test.States.delhi(States.java:30)
... Removed 27 stack frames]]>
    </failure>
  </testcase> <!-- delhi -->
  <testcase name="goa" time="0.001" classname="com.reporting.test.States">
    <failure type="java.lang.AssertionError" message="Goa test failed expected [true] but found [false]">
      <![CDATA[java.lang.AssertionError: Goa test failed expected [true] but found [false]
	at com.reporting.test.States.goa(States.java:25)
... Removed 27 stack frames]]>
    </failure>
  </testcase> <!-- goa -->
  <testcase name="goa" time="0.001" classname="com.reporting.test.States">
    <failure type="java.lang.AssertionError" message="Goa test failed expected [true] but found [false]">
      <![CDATA[java.lang.AssertionError: Goa test failed expected [true] but found [false]
	at com.reporting.test.States.goa(States.java:25)
... Removed 27 stack frames]]>
    </failure>
  </testcase> <!-- goa -->
  <testcase name="goa" time="0.001" classname="com.reporting.test.States">
    <failure type="java.lang.AssertionError" message="Goa test failed expected [true] but found [false]">
      <![CDATA[java.lang.AssertionError: Goa test failed expected [true] but found [false]
	at com.reporting.test.States.goa(States.java:25)
... Removed 27 stack frames]]>
    </failure>
  </testcase> <!-- goa -->
  <testcase name="kerala" time="0.001" classname="com.reporting.test.States">
    <failure type="java.lang.AssertionError" message="Kerala test failed expected [true] but found [false]">
      <![CDATA[java.lang.AssertionError: Kerala test failed expected [true] but found [false]
	at com.reporting.test.States.kerala(States.java:10)
... Removed 27 stack frames]]>
    </failure>
  </testcase> <!-- kerala -->
  <testcase name="panjab" time="0.001" classname="com.reporting.test.States">
    <failure type="java.lang.AssertionError" message="Goa test failed expected [true] but found [false]">
      <![CDATA[java.lang.AssertionError: Goa test failed expected [true] but found [false]
	at com.reporting.test.States.panjab(States.java:35)
... Removed 27 stack frames]]>
    </failure>
  </testcase> <!-- panjab -->
  <testcase name="tn" time="0.001" classname="com.reporting.test.States">
    <failure type="java.lang.AssertionError" message="Tamilnadu test failed expected [true] but found [false]">
      <![CDATA[java.lang.AssertionError: Tamilnadu test failed expected [true] but found [false]
	at com.reporting.test.States.tn(States.java:15)
... Removed 27 stack frames]]>
    </failure>
  </testcase> <!-- tn -->
  <testcase name="tn" time="0.001" classname="com.reporting.test.States">
    <failure type="java.lang.AssertionError" message="Tamilnadu test failed expected [true] but found [false]">
      <![CDATA[java.lang.AssertionError: Tamilnadu test failed expected [true] but found [false]
	at com.reporting.test.States.tn(States.java:15)
... Removed 27 stack frames]]>
    </failure>
  </testcase> <!-- tn -->
  <testcase name="tn" time="0.001" classname="com.reporting.test.States">
    <failure type="java.lang.AssertionError" message="Tamilnadu test failed expected [true] but found [false]">
      <![CDATA[java.lang.AssertionError: Tamilnadu test failed expected [true] but found [false]
	at com.reporting.test.States.tn(States.java:15)
... Removed 27 stack frames]]>
    </failure>
  </testcase> <!-- tn -->
  <testcase name="tn" time="0.001" classname="com.reporting.test.States">
    <failure type="java.lang.AssertionError" message="Tamilnadu test failed expected [true] but found [false]">
      <![CDATA[java.lang.AssertionError: Tamilnadu test failed expected [true] but found [false]
	at com.reporting.test.States.tn(States.java:15)
... Removed 27 stack frames]]>
    </failure>
  </testcase> <!-- tn -->
  <testcase name="tn" time="0.001" classname="com.reporting.test.States">
    <failure type="java.lang.AssertionError" message="Tamilnadu test failed expected [true] but found [false]">
      <![CDATA[java.lang.AssertionError: Tamilnadu test failed expected [true] but found [false]
	at com.reporting.test.States.tn(States.java:15)
... Removed 27 stack frames]]>
    </failure>
  </testcase> <!-- tn -->
  <testcase name="up" time="0.001" classname="com.reporting.test.States">
    <failure type="java.lang.AssertionError" message="Goa test failed expected [true] but found [false]">
      <![CDATA[java.lang.AssertionError: Goa test failed expected [true] but found [false]
	at com.reporting.test.States.up(States.java:41)
... Removed 27 stack frames]]>
    </failure>
  </testcase> <!-- up -->
</testsuite> <!-- RegressionTest -->
