<?xml version="1.0" encoding="UTF-8"?>
<!-- Generated by org.testng.reporters.JUnitXMLReporter -->
<testsuite hostname="MacBook-Pro-dnair.local" name="SmokeTest" tests="4" failures="4" timestamp="10 May 2016 02:43:36 GMT" time="0.01" errors="0">
  <testcase name="India" time="0.001" classname="com.reporting.test.Country">
    <failure type="java.lang.AssertionError" message="India test Failed expected [true] but found [false]">
      <![CDATA[java.lang.AssertionError: India test Failed expected [true] but found [false]
	at com.reporting.test.Country.India(Country.java:15)
... Removed 27 stack frames]]>
    </failure>
  </testcase> <!-- India -->
  <testcase name="Pak" time="0.0" classname="com.reporting.test.Country">
    <failure type="java.lang.AssertionError" message="Pakistan test Failed expected [true] but found [false]">
      <![CDATA[java.lang.AssertionError: Pakistan test Failed expected [true] but found [false]
	at com.reporting.test.Country.Pak(Country.java:21)
... Removed 27 stack frames]]>
    </failure>
  </testcase> <!-- Pak -->
  <testcase name="kuwait" time="0.001" classname="com.reporting.test.Country">
    <failure type="java.lang.AssertionError" message="Kuwait test Failed expected [true] but found [false]">
      <![CDATA[java.lang.AssertionError: Kuwait test Failed expected [true] but found [false]
	at com.reporting.test.Country.kuwait(Country.java:32)
... Removed 27 stack frames]]>
    </failure>
  </testcase> <!-- kuwait -->
  <testcase name="usa" time="0.001" classname="com.reporting.test.Country">
    <failure type="java.lang.AssertionError" message="US test Failed expected [true] but found [false]">
      <![CDATA[java.lang.AssertionError: US test Failed expected [true] but found [false]
	at com.reporting.test.Country.usa(Country.java:27)
... Removed 27 stack frames]]>
    </failure>
  </testcase> <!-- usa -->
</testsuite> <!-- SmokeTest -->
